2023-08-12 11:26:30.838  INFO 4784 --- [restartedMain] com.example.demo.Application             : Starting Application using Java 18 on DESKTOP-GPE5UL6 with PID 4784 (C:\JRTP-21_Workspace_2023\02-SB-Logging-App\target\classes started by hp in C:\JRTP-21_Workspace_2023\02-SB-Logging-App)
2023-08-12 11:26:30.839  INFO 4784 --- [restartedMain] com.example.demo.Application             : No active profile set, falling back to 1 default profile: "default"
2023-08-12 11:26:31.108  INFO 4784 --- [restartedMain] o.s.b.w.embedded.tomcat.TomcatWebServer  : Tomcat initialized with port(s): 8081 (http)
2023-08-12 11:26:31.109  INFO 4784 --- [restartedMain] o.apache.catalina.core.StandardService   : Starting service [Tomcat]
2023-08-12 11:26:31.109  INFO 4784 --- [restartedMain] org.apache.catalina.core.StandardEngine  : Starting Servlet engine: [Apache Tomcat/9.0.78]
2023-08-12 11:26:31.130  INFO 4784 --- [restartedMain] o.a.c.c.C.[Tomcat].[localhost].[/]       : Initializing Spring embedded WebApplicationContext
2023-08-12 11:26:31.131  INFO 4784 --- [restartedMain] w.s.c.ServletWebServerApplicationContext : Root WebApplicationContext: initialization completed in 288 ms
2023-08-12 11:26:31.235  INFO 4784 --- [restartedMain] o.s.b.d.a.OptionalLiveReloadServer       : LiveReload server is running on port 35729
2023-08-12 11:26:31.247  INFO 4784 --- [restartedMain] o.s.b.w.embedded.tomcat.TomcatWebServer  : Tomcat started on port(s): 8081 (http) with context path ''
2023-08-12 11:26:31.259  INFO 4784 --- [restartedMain] com.example.demo.Application             : Started Application in 0.488 seconds (JVM running for 251.932)
2023-08-12 11:26:31.264  INFO 4784 --- [restartedMain] .ConditionEvaluationDeltaLoggingListener : Condition evaluation unchanged
2023-08-12 11:27:13.209  INFO 4784 --- [RMI TCP Connection(17)-127.0.0.1] inMXBeanRegistrar$SpringApplicationAdmin : Application shutdown requested.
2023-08-12 11:27:13.223  INFO 4784 --- [RMI TCP Connection(17)-127.0.0.1] o.apache.catalina.core.StandardService   : Stopping service [Tomcat]
2023-08-12 11:27:15.869  INFO 16044 --- [restartedMain] com.example.demo.Application             : Starting Application using Java 18 on DESKTOP-GPE5UL6 with PID 16044 (C:\JRTP-21_Workspace_2023\02-SB-Logging-App\target\classes started by hp in C:\JRTP-21_Workspace_2023\02-SB-Logging-App)
2023-08-12 11:27:15.872  INFO 16044 --- [restartedMain] com.example.demo.Application             : No active profile set, falling back to 1 default profile: "default"
2023-08-12 11:27:15.981  INFO 16044 --- [restartedMain] .e.DevToolsPropertyDefaultsPostProcessor : Devtools property defaults active! Set 'spring.devtools.add-properties' to 'false' to disable
2023-08-12 11:27:15.982  INFO 16044 --- [restartedMain] .e.DevToolsPropertyDefaultsPostProcessor : For additional web related logging consider setting the 'logging.level.web' property to 'DEBUG'
2023-08-12 11:27:17.528  INFO 16044 --- [restartedMain] o.s.b.w.embedded.tomcat.TomcatWebServer  : Tomcat initialized with port(s): 8081 (http)
2023-08-12 11:27:17.544  INFO 16044 --- [restartedMain] o.apache.catalina.core.StandardService   : Starting service [Tomcat]
2023-08-12 11:27:17.545  INFO 16044 --- [restartedMain] org.apache.catalina.core.StandardEngine  : Starting Servlet engine: [Apache Tomcat/9.0.78]
2023-08-12 11:27:17.637  INFO 16044 --- [restartedMain] o.a.c.c.C.[Tomcat].[localhost].[/]       : Initializing Spring embedded WebApplicationContext
2023-08-12 11:27:17.638  INFO 16044 --- [restartedMain] w.s.c.ServletWebServerApplicationContext : Root WebApplicationContext: initialization completed in 1655 ms
2023-08-12 11:27:18.166  INFO 16044 --- [restartedMain] o.s.b.d.a.OptionalLiveReloadServer       : LiveReload server is running on port 35729
2023-08-12 11:27:18.254  INFO 16044 --- [restartedMain] o.s.b.w.embedded.tomcat.TomcatWebServer  : Tomcat started on port(s): 8081 (http) with context path ''
2023-08-12 11:27:18.273  INFO 16044 --- [restartedMain] com.example.demo.Application             : Started Application in 3.014 seconds (JVM running for 4.056)
2023-08-12 11:27:41.342  INFO 16044 --- [File Watcher] rtingClassPathChangeChangedEventListener : Restarting due to 6 class path changes (0 additions, 4 deletions, 2 modifications)
2023-08-12 11:27:41.725  INFO 16044 --- [Thread-5] o.apache.catalina.core.StandardService   : Stopping service [Tomcat]
2023-08-12 11:27:42.035  INFO 16044 --- [restartedMain] com.example.demo.Application             : Starting Application using Java 18 on DESKTOP-GPE5UL6 with PID 16044 (C:\JRTP-21_Workspace_2023\02-SB-Logging-App\target\classes started by hp in C:\JRTP-21_Workspace_2023\02-SB-Logging-App)
2023-08-12 11:27:42.038  INFO 16044 --- [restartedMain] com.example.demo.Application             : No active profile set, falling back to 1 default profile: "default"
2023-08-12 11:27:42.930  INFO 16044 --- [restartedMain] o.s.b.w.embedded.tomcat.TomcatWebServer  : Tomcat initialized with port(s): 8081 (http)
2023-08-12 11:27:42.937  INFO 16044 --- [restartedMain] o.apache.catalina.core.StandardService   : Starting service [Tomcat]
2023-08-12 11:27:42.938  INFO 16044 --- [restartedMain] org.apache.catalina.core.StandardEngine  : Starting Servlet engine: [Apache Tomcat/9.0.78]
2023-08-12 11:27:43.019  INFO 16044 --- [restartedMain] o.a.c.c.C.[Tomcat].[localhost].[/]       : Initializing Spring embedded WebApplicationContext
2023-08-12 11:27:43.020  INFO 16044 --- [restartedMain] w.s.c.ServletWebServerApplicationContext : Root WebApplicationContext: initialization completed in 971 ms
2023-08-12 11:27:43.148  INFO 16044 --- [restartedMain] o.s.b.d.a.OptionalLiveReloadServer       : LiveReload server is running on port 35729
2023-08-12 11:27:43.165  INFO 16044 --- [restartedMain] o.s.b.w.embedded.tomcat.TomcatWebServer  : Tomcat started on port(s): 8081 (http) with context path ''
2023-08-12 11:27:43.181  INFO 16044 --- [restartedMain] com.example.demo.Application             : Started Application in 1.307 seconds (JVM running for 28.964)
2023-08-12 11:27:43.184  INFO 16044 --- [restartedMain] .ConditionEvaluationDeltaLoggingListener : Condition evaluation unchanged
2023-08-12 11:27:44.592  INFO 16044 --- [File Watcher] rtingClassPathChangeChangedEventListener : Restarting due to 4 class path changes (4 additions, 0 deletions, 0 modifications)
2023-08-12 11:27:44.623  INFO 16044 --- [Thread-7] o.apache.catalina.core.StandardService   : Stopping service [Tomcat]
2023-08-12 11:27:44.781  INFO 16044 --- [restartedMain] com.example.demo.Application             : Starting Application using Java 18 on DESKTOP-GPE5UL6 with PID 16044 (C:\JRTP-21_Workspace_2023\02-SB-Logging-App\target\classes started by hp in C:\JRTP-21_Workspace_2023\02-SB-Logging-App)
2023-08-12 11:27:44.782  INFO 16044 --- [restartedMain] com.example.demo.Application             : No active profile set, falling back to 1 default profile: "default"
2023-08-12 11:27:45.042  INFO 16044 --- [restartedMain] o.s.b.w.embedded.tomcat.TomcatWebServer  : Tomcat initialized with port(s): 8081 (http)
2023-08-12 11:27:45.043  INFO 16044 --- [restartedMain] o.apache.catalina.core.StandardService   : Starting service [Tomcat]
2023-08-12 11:27:45.044  INFO 16044 --- [restartedMain] org.apache.catalina.core.StandardEngine  : Starting Servlet engine: [Apache Tomcat/9.0.78]
2023-08-12 11:27:45.070  INFO 16044 --- [restartedMain] o.a.c.c.C.[Tomcat].[localhost].[/]       : Initializing Spring embedded WebApplicationContext
2023-08-12 11:27:45.070  INFO 16044 --- [restartedMain] w.s.c.ServletWebServerApplicationContext : Root WebApplicationContext: initialization completed in 283 ms
2023-08-12 11:27:45.211  INFO 16044 --- [restartedMain] o.s.b.d.a.OptionalLiveReloadServer       : LiveReload server is running on port 35729
2023-08-12 11:27:45.229  INFO 16044 --- [restartedMain] o.s.b.w.embedded.tomcat.TomcatWebServer  : Tomcat started on port(s): 8081 (http) with context path ''
2023-08-12 11:27:45.247  INFO 16044 --- [restartedMain] com.example.demo.Application             : Started Application in 0.541 seconds (JVM running for 31.031)
2023-08-12 11:27:45.253  INFO 16044 --- [restartedMain] .ConditionEvaluationDeltaLoggingListener : Condition evaluation unchanged
2023-08-12 11:27:59.685  INFO 16044 --- [http-nio-8081-exec-1] o.a.c.c.C.[Tomcat].[localhost].[/]       : Initializing Spring DispatcherServlet 'dispatcherServlet'
2023-08-12 11:27:59.685  INFO 16044 --- [http-nio-8081-exec-1] o.s.web.servlet.DispatcherServlet        : Initializing Servlet 'dispatcherServlet'
2023-08-12 11:27:59.686  INFO 16044 --- [http-nio-8081-exec-1] o.s.web.servlet.DispatcherServlet        : Completed initialization in 1 ms
2023-08-12 11:27:59.729  INFO 16044 --- [http-nio-8081-exec-1] com.example.demo.DemoRestController      :  getWelcomeMsg() execution started...
2023-08-12 11:27:59.730 ERROR 16044 --- [http-nio-8081-exec-1] com.example.demo.DemoRestController      : Exception occured : / by zero
2023-08-12 11:27:59.730  INFO 16044 --- [http-nio-8081-exec-1] com.example.demo.DemoRestController      :  getWelcomeMsg() execution ended...
2023-08-12 11:28:13.385  INFO 16044 --- [http-nio-8081-exec-2] com.example.demo.DemoRestController      :  getWelcomeMsg() execution started...
2023-08-12 11:28:13.385 ERROR 16044 --- [http-nio-8081-exec-2] com.example.demo.DemoRestController      : Exception occured : / by zero
2023-08-12 11:28:13.386  INFO 16044 --- [http-nio-8081-exec-2] com.example.demo.DemoRestController      :  getWelcomeMsg() execution ended...
2023-08-12 11:54:54.466  INFO 16044 --- [File Watcher] rtingClassPathChangeChangedEventListener : Restarting due to 6 class path changes (0 additions, 0 deletions, 6 modifications)
2023-08-12 11:54:54.504  INFO 16044 --- [Thread-11] o.apache.catalina.core.StandardService   : Stopping service [Tomcat]
2023-08-12 11:54:54.507  INFO 16044 --- [Thread-11] o.a.c.c.C.[Tomcat].[localhost].[/]       : Destroying Spring FrameworkServlet 'dispatcherServlet'
2023-08-12 11:54:54.678  INFO 16044 --- [restartedMain] com.example.demo.Application             : Starting Application using Java 18 on DESKTOP-GPE5UL6 with PID 16044 (C:\JRTP-21_Workspace_2023\02-SB-Logging-App\target\classes started by hp in C:\JRTP-21_Workspace_2023\02-SB-Logging-App)
2023-08-12 11:54:54.679  INFO 16044 --- [restartedMain] com.example.demo.Application             : No active profile set, falling back to 1 default profile: "default"
2023-08-12 11:54:55.023  INFO 16044 --- [restartedMain] o.s.b.w.embedded.tomcat.TomcatWebServer  : Tomcat initialized with port(s): 8081 (http)
2023-08-12 11:54:55.023  INFO 16044 --- [restartedMain] o.apache.catalina.core.StandardService   : Starting service [Tomcat]
2023-08-12 11:54:55.023  INFO 16044 --- [restartedMain] org.apache.catalina.core.StandardEngine  : Starting Servlet engine: [Apache Tomcat/9.0.78]
2023-08-12 11:54:55.046  INFO 16044 --- [restartedMain] o.a.c.c.C.[Tomcat].[localhost].[/]       : Initializing Spring embedded WebApplicationContext
2023-08-12 11:54:55.047  INFO 16044 --- [restartedMain] w.s.c.ServletWebServerApplicationContext : Root WebApplicationContext: initialization completed in 364 ms
2023-08-12 11:54:55.293  INFO 16044 --- [restartedMain] o.s.b.d.a.OptionalLiveReloadServer       : LiveReload server is running on port 35729
2023-08-12 11:54:55.310  INFO 16044 --- [restartedMain] o.s.b.w.embedded.tomcat.TomcatWebServer  : Tomcat started on port(s): 8081 (http) with context path ''
2023-08-12 11:54:55.325  INFO 16044 --- [restartedMain] com.example.demo.Application             : Started Application in 0.707 seconds (JVM running for 1661.108)
2023-08-12 11:54:55.330  INFO 16044 --- [restartedMain] .ConditionEvaluationDeltaLoggingListener : Condition evaluation unchanged
2023-08-12 11:54:56.715  INFO 16044 --- [File Watcher] rtingClassPathChangeChangedEventListener : Restarting due to 1 class path change (0 additions, 0 deletions, 1 modification)
2023-08-12 11:54:56.752  INFO 16044 --- [Thread-15] o.apache.catalina.core.StandardService   : Stopping service [Tomcat]
2023-08-12 11:54:56.903  INFO 16044 --- [restartedMain] com.example.demo.Application             : Starting Application using Java 18 on DESKTOP-GPE5UL6 with PID 16044 (C:\JRTP-21_Workspace_2023\02-SB-Logging-App\target\classes started by hp in C:\JRTP-21_Workspace_2023\02-SB-Logging-App)
2023-08-12 11:54:56.905  INFO 16044 --- [restartedMain] com.example.demo.Application             : No active profile set, falling back to 1 default profile: "default"
2023-08-12 11:54:57.159  INFO 16044 --- [restartedMain] o.s.b.w.embedded.tomcat.TomcatWebServer  : Tomcat initialized with port(s): 8081 (http)
2023-08-12 11:54:57.160  INFO 16044 --- [restartedMain] o.apache.catalina.core.StandardService   : Starting service [Tomcat]
2023-08-12 11:54:57.160  INFO 16044 --- [restartedMain] org.apache.catalina.core.StandardEngine  : Starting Servlet engine: [Apache Tomcat/9.0.78]
2023-08-12 11:54:57.181  INFO 16044 --- [restartedMain] o.a.c.c.C.[Tomcat].[localhost].[/]       : Initializing Spring embedded WebApplicationContext
2023-08-12 11:54:57.181  INFO 16044 --- [restartedMain] w.s.c.ServletWebServerApplicationContext : Root WebApplicationContext: initialization completed in 272 ms
2023-08-12 11:54:57.279  INFO 16044 --- [restartedMain] o.s.b.d.a.OptionalLiveReloadServer       : LiveReload server is running on port 35729
2023-08-12 11:54:57.295  INFO 16044 --- [restartedMain] o.s.b.w.embedded.tomcat.TomcatWebServer  : Tomcat started on port(s): 8081 (http) with context path ''
2023-08-12 11:54:57.310  INFO 16044 --- [restartedMain] com.example.demo.Application             : Started Application in 0.458 seconds (JVM running for 1663.094)
2023-08-12 11:54:57.312  INFO 16044 --- [restartedMain] .ConditionEvaluationDeltaLoggingListener : Condition evaluation unchanged
2023-08-12 11:55:09.766  INFO 16044 --- [File Watcher] rtingClassPathChangeChangedEventListener : Restarting due to 6 class path changes (0 additions, 4 deletions, 2 modifications)
2023-08-12 11:55:10.076  INFO 16044 --- [Thread-19] o.apache.catalina.core.StandardService   : Stopping service [Tomcat]
2023-08-12 11:55:10.772  INFO 16044 --- [restartedMain] com.example.demo.Application             : Starting Application using Java 18 on DESKTOP-GPE5UL6 with PID 16044 (C:\JRTP-21_Workspace_2023\02-SB-Logging-App\target\classes started by hp in C:\JRTP-21_Workspace_2023\02-SB-Logging-App)
2023-08-12 11:55:10.774  INFO 16044 --- [restartedMain] com.example.demo.Application             : No active profile set, falling back to 1 default profile: "default"
2023-08-12 11:55:11.120  INFO 16044 --- [restartedMain] o.s.b.w.embedded.tomcat.TomcatWebServer  : Tomcat initialized with port(s): 8081 (http)
2023-08-12 11:55:11.122  INFO 16044 --- [restartedMain] o.apache.catalina.core.StandardService   : Starting service [Tomcat]
2023-08-12 11:55:11.122  INFO 16044 --- [restartedMain] org.apache.catalina.core.StandardEngine  : Starting Servlet engine: [Apache Tomcat/9.0.78]
2023-08-12 11:55:11.149  INFO 16044 --- [restartedMain] o.a.c.c.C.[Tomcat].[localhost].[/]       : Initializing Spring embedded WebApplicationContext
2023-08-12 11:55:11.150  INFO 16044 --- [restartedMain] w.s.c.ServletWebServerApplicationContext : Root WebApplicationContext: initialization completed in 372 ms
2023-08-12 11:55:11.275  INFO 16044 --- [restartedMain] o.s.b.d.a.OptionalLiveReloadServer       : LiveReload server is running on port 35729
2023-08-12 11:55:11.290  INFO 16044 --- [restartedMain] o.s.b.w.embedded.tomcat.TomcatWebServer  : Tomcat started on port(s): 8081 (http) with context path ''
2023-08-12 11:55:11.315  INFO 16044 --- [restartedMain] com.example.demo.Application             : Started Application in 0.751 seconds (JVM running for 1677.098)
2023-08-12 11:55:11.318  INFO 16044 --- [restartedMain] .ConditionEvaluationDeltaLoggingListener : Condition evaluation unchanged
2023-08-12 11:55:12.725  INFO 16044 --- [File Watcher] rtingClassPathChangeChangedEventListener : Restarting due to 4 class path changes (4 additions, 0 deletions, 0 modifications)
2023-08-12 11:55:12.746  INFO 16044 --- [Thread-23] o.apache.catalina.core.StandardService   : Stopping service [Tomcat]
2023-08-12 11:55:12.879  INFO 16044 --- [restartedMain] com.example.demo.Application             : Starting Application using Java 18 on DESKTOP-GPE5UL6 with PID 16044 (C:\JRTP-21_Workspace_2023\02-SB-Logging-App\target\classes started by hp in C:\JRTP-21_Workspace_2023\02-SB-Logging-App)
2023-08-12 11:55:12.880  INFO 16044 --- [restartedMain] com.example.demo.Application             : No active profile set, falling back to 1 default profile: "default"
2023-08-12 11:55:13.142  INFO 16044 --- [restartedMain] o.s.b.w.embedded.tomcat.TomcatWebServer  : Tomcat initialized with port(s): 8081 (http)
2023-08-12 11:55:13.143  INFO 16044 --- [restartedMain] o.apache.catalina.core.StandardService   : Starting service [Tomcat]
2023-08-12 11:55:13.144  INFO 16044 --- [restartedMain] org.apache.catalina.core.StandardEngine  : Starting Servlet engine: [Apache Tomcat/9.0.78]
2023-08-12 11:55:13.164  INFO 16044 --- [restartedMain] o.a.c.c.C.[Tomcat].[localhost].[/]       : Initializing Spring embedded WebApplicationContext
2023-08-12 11:55:13.165  INFO 16044 --- [restartedMain] w.s.c.ServletWebServerApplicationContext : Root WebApplicationContext: initialization completed in 281 ms
2023-08-12 11:55:13.246  INFO 16044 --- [restartedMain] o.s.b.d.a.OptionalLiveReloadServer       : LiveReload server is running on port 35729
2023-08-12 11:55:13.258  INFO 16044 --- [restartedMain] o.s.b.w.embedded.tomcat.TomcatWebServer  : Tomcat started on port(s): 8081 (http) with context path ''
2023-08-12 11:55:13.271  INFO 16044 --- [restartedMain] com.example.demo.Application             : Started Application in 0.444 seconds (JVM running for 1679.054)
2023-08-12 11:55:13.273  INFO 16044 --- [restartedMain] .ConditionEvaluationDeltaLoggingListener : Condition evaluation unchanged
2023-08-12 11:56:37.507  INFO 16044 --- [http-nio-8081-exec-1] o.a.c.c.C.[Tomcat].[localhost].[/]       : Initializing Spring DispatcherServlet 'dispatcherServlet'
2023-08-12 11:56:37.508  INFO 16044 --- [http-nio-8081-exec-1] o.s.web.servlet.DispatcherServlet        : Initializing Servlet 'dispatcherServlet'
2023-08-12 11:56:37.509  INFO 16044 --- [http-nio-8081-exec-1] o.s.web.servlet.DispatcherServlet        : Completed initialization in 1 ms
2023-08-12 11:56:37.512  INFO 16044 --- [http-nio-8081-exec-1] com.example.demo.DemoRestController      :  getWelcomeMsg() execution started...
2023-08-12 11:56:37.513 ERROR 16044 --- [http-nio-8081-exec-1] com.example.demo.DemoRestController      : Exception occured : / by zero
2023-08-12 11:56:37.513  INFO 16044 --- [http-nio-8081-exec-1] com.example.demo.DemoRestController      :  getWelcomeMsg() execution ended...
2023-08-12 11:56:53.824  INFO 16044 --- [http-nio-8081-exec-2] com.example.demo.DemoRestController      :  getWelcomeMsg() execution started...
2023-08-12 11:56:53.825 ERROR 16044 --- [http-nio-8081-exec-2] com.example.demo.DemoRestController      : Exception occured : / by zero
2023-08-12 11:56:53.825  INFO 16044 --- [http-nio-8081-exec-2] com.example.demo.DemoRestController      :  getWelcomeMsg() execution ended...
2023-08-12 11:56:53.969  INFO 16044 --- [http-nio-8081-exec-3] com.example.demo.DemoRestController      :  getWelcomeMsg() execution started...
2023-08-12 11:56:53.969 ERROR 16044 --- [http-nio-8081-exec-3] com.example.demo.DemoRestController      : Exception occured : / by zero
2023-08-12 11:56:53.969  INFO 16044 --- [http-nio-8081-exec-3] com.example.demo.DemoRestController      :  getWelcomeMsg() execution ended...
2023-08-12 11:56:54.172  INFO 16044 --- [http-nio-8081-exec-4] com.example.demo.DemoRestController      :  getWelcomeMsg() execution started...
2023-08-12 11:56:54.173 ERROR 16044 --- [http-nio-8081-exec-4] com.example.demo.DemoRestController      : Exception occured : / by zero
2023-08-12 11:56:54.173  INFO 16044 --- [http-nio-8081-exec-4] com.example.demo.DemoRestController      :  getWelcomeMsg() execution ended...
2023-08-12 11:56:54.275  INFO 16044 --- [http-nio-8081-exec-5] com.example.demo.DemoRestController      :  getWelcomeMsg() execution started...
2023-08-12 11:56:54.275 ERROR 16044 --- [http-nio-8081-exec-5] com.example.demo.DemoRestController      : Exception occured : / by zero
2023-08-12 11:56:54.276  INFO 16044 --- [http-nio-8081-exec-5] com.example.demo.DemoRestController      :  getWelcomeMsg() execution ended...
2023-08-12 11:56:54.506  INFO 16044 --- [http-nio-8081-exec-6] com.example.demo.DemoRestController      :  getWelcomeMsg() execution started...
2023-08-12 11:56:54.506 ERROR 16044 --- [http-nio-8081-exec-6] com.example.demo.DemoRestController      : Exception occured : / by zero
2023-08-12 11:56:54.507  INFO 16044 --- [http-nio-8081-exec-6] com.example.demo.DemoRestController      :  getWelcomeMsg() execution ended...
2023-08-12 11:56:54.623  INFO 16044 --- [http-nio-8081-exec-7] com.example.demo.DemoRestController      :  getWelcomeMsg() execution started...
2023-08-12 11:56:54.623 ERROR 16044 --- [http-nio-8081-exec-7] com.example.demo.DemoRestController      : Exception occured : / by zero
2023-08-12 11:56:54.623  INFO 16044 --- [http-nio-8081-exec-7] com.example.demo.DemoRestController      :  getWelcomeMsg() execution ended...
2023-08-12 11:56:54.840  INFO 16044 --- [http-nio-8081-exec-8] com.example.demo.DemoRestController      :  getWelcomeMsg() execution started...
2023-08-12 11:56:54.841 ERROR 16044 --- [http-nio-8081-exec-8] com.example.demo.DemoRestController      : Exception occured : / by zero
2023-08-12 11:56:54.841  INFO 16044 --- [http-nio-8081-exec-8] com.example.demo.DemoRestController      :  getWelcomeMsg() execution ended...
2023-08-12 11:56:54.956  INFO 16044 --- [http-nio-8081-exec-9] com.example.demo.DemoRestController      :  getWelcomeMsg() execution started...
2023-08-12 11:56:54.956 ERROR 16044 --- [http-nio-8081-exec-9] com.example.demo.DemoRestController      : Exception occured : / by zero
2023-08-12 11:56:54.956  INFO 16044 --- [http-nio-8081-exec-9] com.example.demo.DemoRestController      :  getWelcomeMsg() execution ended...
2023-08-12 11:56:55.178  INFO 16044 --- [http-nio-8081-exec-10] com.example.demo.DemoRestController      :  getWelcomeMsg() execution started...
2023-08-12 11:56:55.179 ERROR 16044 --- [http-nio-8081-exec-10] com.example.demo.DemoRestController      : Exception occured : / by zero
2023-08-12 11:56:55.181  INFO 16044 --- [http-nio-8081-exec-10] com.example.demo.DemoRestController      :  getWelcomeMsg() execution ended...
2023-08-12 11:56:55.286  INFO 16044 --- [http-nio-8081-exec-1] com.example.demo.DemoRestController      :  getWelcomeMsg() execution started...
2023-08-12 11:56:55.287 ERROR 16044 --- [http-nio-8081-exec-1] com.example.demo.DemoRestController      : Exception occured : / by zero
2023-08-12 11:56:55.287  INFO 16044 --- [http-nio-8081-exec-1] com.example.demo.DemoRestController      :  getWelcomeMsg() execution ended...
2023-08-12 11:56:55.494  INFO 16044 --- [http-nio-8081-exec-2] com.example.demo.DemoRestController      :  getWelcomeMsg() execution started...
2023-08-12 11:56:55.495 ERROR 16044 --- [http-nio-8081-exec-2] com.example.demo.DemoRestController      : Exception occured : / by zero
2023-08-12 11:56:55.495  INFO 16044 --- [http-nio-8081-exec-2] com.example.demo.DemoRestController      :  getWelcomeMsg() execution ended...
2023-08-12 11:56:55.610  INFO 16044 --- [http-nio-8081-exec-3] com.example.demo.DemoRestController      :  getWelcomeMsg() execution started...
2023-08-12 11:56:55.610 ERROR 16044 --- [http-nio-8081-exec-3] com.example.demo.DemoRestController      : Exception occured : / by zero
2023-08-12 11:56:55.611  INFO 16044 --- [http-nio-8081-exec-3] com.example.demo.DemoRestController      :  getWelcomeMsg() execution ended...
2023-08-12 11:56:55.825  INFO 16044 --- [http-nio-8081-exec-4] com.example.demo.DemoRestController      :  getWelcomeMsg() execution started...
2023-08-12 11:56:55.826 ERROR 16044 --- [http-nio-8081-exec-4] com.example.demo.DemoRestController      : Exception occured : / by zero
2023-08-12 11:56:55.826  INFO 16044 --- [http-nio-8081-exec-4] com.example.demo.DemoRestController      :  getWelcomeMsg() execution ended...
2023-08-12 11:56:55.950  INFO 16044 --- [http-nio-8081-exec-5] com.example.demo.DemoRestController      :  getWelcomeMsg() execution started...
2023-08-12 11:56:55.950 ERROR 16044 --- [http-nio-8081-exec-5] com.example.demo.DemoRestController      : Exception occured : / by zero
2023-08-12 11:56:55.951  INFO 16044 --- [http-nio-8081-exec-5] com.example.demo.DemoRestController      :  getWelcomeMsg() execution ended...
2023-08-12 11:56:56.147  INFO 16044 --- [http-nio-8081-exec-6] com.example.demo.DemoRestController      :  getWelcomeMsg() execution started...
2023-08-12 11:56:56.148 ERROR 16044 --- [http-nio-8081-exec-6] com.example.demo.DemoRestController      : Exception occured : / by zero
2023-08-12 11:56:56.148  INFO 16044 --- [http-nio-8081-exec-6] com.example.demo.DemoRestController      :  getWelcomeMsg() execution ended...
2023-08-12 11:56:56.266  INFO 16044 --- [http-nio-8081-exec-7] com.example.demo.DemoRestController      :  getWelcomeMsg() execution started...
2023-08-12 11:56:56.266 ERROR 16044 --- [http-nio-8081-exec-7] com.example.demo.DemoRestController      : Exception occured : / by zero
2023-08-12 11:56:56.267  INFO 16044 --- [http-nio-8081-exec-7] com.example.demo.DemoRestController      :  getWelcomeMsg() execution ended...
2023-08-12 11:56:56.472  INFO 16044 --- [http-nio-8081-exec-8] com.example.demo.DemoRestController      :  getWelcomeMsg() execution started...
2023-08-12 11:56:56.473 ERROR 16044 --- [http-nio-8081-exec-8] com.example.demo.DemoRestController      : Exception occured : / by zero
2023-08-12 11:56:56.473  INFO 16044 --- [http-nio-8081-exec-8] com.example.demo.DemoRestController      :  getWelcomeMsg() execution ended...
2023-08-12 11:56:56.577  INFO 16044 --- [http-nio-8081-exec-9] com.example.demo.DemoRestController      :  getWelcomeMsg() execution started...
2023-08-12 11:56:56.578 ERROR 16044 --- [http-nio-8081-exec-9] com.example.demo.DemoRestController      : Exception occured : / by zero
2023-08-12 11:56:56.578  INFO 16044 --- [http-nio-8081-exec-9] com.example.demo.DemoRestController      :  getWelcomeMsg() execution ended...
2023-08-12 11:56:56.783  INFO 16044 --- [http-nio-8081-exec-10] com.example.demo.DemoRestController      :  getWelcomeMsg() execution started...
2023-08-12 11:56:56.784 ERROR 16044 --- [http-nio-8081-exec-10] com.example.demo.DemoRestController      : Exception occured : / by zero
2023-08-12 11:56:56.784  INFO 16044 --- [http-nio-8081-exec-10] com.example.demo.DemoRestController      :  getWelcomeMsg() execution ended...
2023-08-12 11:56:56.910  INFO 16044 --- [http-nio-8081-exec-1] com.example.demo.DemoRestController      :  getWelcomeMsg() execution started...
2023-08-12 11:56:56.910 ERROR 16044 --- [http-nio-8081-exec-1] com.example.demo.DemoRestController      : Exception occured : / by zero
2023-08-12 11:56:56.910  INFO 16044 --- [http-nio-8081-exec-1] com.example.demo.DemoRestController      :  getWelcomeMsg() execution ended...
2023-08-12 11:56:57.089  INFO 16044 --- [http-nio-8081-exec-2] com.example.demo.DemoRestController      :  getWelcomeMsg() execution started...
2023-08-12 11:56:57.089 ERROR 16044 --- [http-nio-8081-exec-2] com.example.demo.DemoRestController      : Exception occured : / by zero
2023-08-12 11:56:57.089  INFO 16044 --- [http-nio-8081-exec-2] com.example.demo.DemoRestController      :  getWelcomeMsg() execution ended...
2023-08-12 11:56:57.222  INFO 16044 --- [http-nio-8081-exec-3] com.example.demo.DemoRestController      :  getWelcomeMsg() execution started...
2023-08-12 11:56:57.222 ERROR 16044 --- [http-nio-8081-exec-3] com.example.demo.DemoRestController      : Exception occured : / by zero
2023-08-12 11:56:57.222  INFO 16044 --- [http-nio-8081-exec-3] com.example.demo.DemoRestController      :  getWelcomeMsg() execution ended...
2023-08-12 11:56:57.405  INFO 16044 --- [http-nio-8081-exec-4] com.example.demo.DemoRestController      :  getWelcomeMsg() execution started...
2023-08-12 11:56:57.406 ERROR 16044 --- [http-nio-8081-exec-4] com.example.demo.DemoRestController      : Exception occured : / by zero
2023-08-12 11:56:57.406  INFO 16044 --- [http-nio-8081-exec-4] com.example.demo.DemoRestController      :  getWelcomeMsg() execution ended...
2023-08-12 11:56:57.527  INFO 16044 --- [http-nio-8081-exec-5] com.example.demo.DemoRestController      :  getWelcomeMsg() execution started...
2023-08-12 11:56:57.528 ERROR 16044 --- [http-nio-8081-exec-5] com.example.demo.DemoRestController      : Exception occured : / by zero
2023-08-12 11:56:57.528  INFO 16044 --- [http-nio-8081-exec-5] com.example.demo.DemoRestController      :  getWelcomeMsg() execution ended...
2023-08-12 11:56:57.721  INFO 16044 --- [http-nio-8081-exec-6] com.example.demo.DemoRestController      :  getWelcomeMsg() execution started...
2023-08-12 11:56:57.721 ERROR 16044 --- [http-nio-8081-exec-6] com.example.demo.DemoRestController      : Exception occured : / by zero
2023-08-12 11:56:57.721  INFO 16044 --- [http-nio-8081-exec-6] com.example.demo.DemoRestController      :  getWelcomeMsg() execution ended...
2023-08-12 11:56:57.830  INFO 16044 --- [http-nio-8081-exec-7] com.example.demo.DemoRestController      :  getWelcomeMsg() execution started...
2023-08-12 11:56:57.830 ERROR 16044 --- [http-nio-8081-exec-7] com.example.demo.DemoRestController      : Exception occured : / by zero
2023-08-12 11:56:57.830  INFO 16044 --- [http-nio-8081-exec-7] com.example.demo.DemoRestController      :  getWelcomeMsg() execution ended...
2023-08-12 11:56:58.044  INFO 16044 --- [http-nio-8081-exec-8] com.example.demo.DemoRestController      :  getWelcomeMsg() execution started...
2023-08-12 11:56:58.044 ERROR 16044 --- [http-nio-8081-exec-8] com.example.demo.DemoRestController      : Exception occured : / by zero
2023-08-12 11:56:58.044  INFO 16044 --- [http-nio-8081-exec-8] com.example.demo.DemoRestController      :  getWelcomeMsg() execution ended...
2023-08-12 11:56:58.172  INFO 16044 --- [http-nio-8081-exec-9] com.example.demo.DemoRestController      :  getWelcomeMsg() execution started...
2023-08-12 11:56:58.172 ERROR 16044 --- [http-nio-8081-exec-9] com.example.demo.DemoRestController      : Exception occured : / by zero
2023-08-12 11:56:58.172  INFO 16044 --- [http-nio-8081-exec-9] com.example.demo.DemoRestController      :  getWelcomeMsg() execution ended...
2023-08-12 11:56:58.398  INFO 16044 --- [http-nio-8081-exec-10] com.example.demo.DemoRestController      :  getWelcomeMsg() execution started...
2023-08-12 11:56:58.398 ERROR 16044 --- [http-nio-8081-exec-10] com.example.demo.DemoRestController      : Exception occured : / by zero
2023-08-12 11:56:58.399  INFO 16044 --- [http-nio-8081-exec-10] com.example.demo.DemoRestController      :  getWelcomeMsg() execution ended...
2023-08-12 11:56:58.505  INFO 16044 --- [http-nio-8081-exec-1] com.example.demo.DemoRestController      :  getWelcomeMsg() execution started...
2023-08-12 11:56:58.505 ERROR 16044 --- [http-nio-8081-exec-1] com.example.demo.DemoRestController      : Exception occured : / by zero
2023-08-12 11:56:58.506  INFO 16044 --- [http-nio-8081-exec-1] com.example.demo.DemoRestController      :  getWelcomeMsg() execution ended...
2023-08-12 11:56:58.730  INFO 16044 --- [http-nio-8081-exec-2] com.example.demo.DemoRestController      :  getWelcomeMsg() execution started...
2023-08-12 11:56:58.730 ERROR 16044 --- [http-nio-8081-exec-2] com.example.demo.DemoRestController      : Exception occured : / by zero
2023-08-12 11:56:58.730  INFO 16044 --- [http-nio-8081-exec-2] com.example.demo.DemoRestController      :  getWelcomeMsg() execution ended...
2023-08-12 11:56:58.856  INFO 16044 --- [http-nio-8081-exec-3] com.example.demo.DemoRestController      :  getWelcomeMsg() execution started...
2023-08-12 11:56:58.856 ERROR 16044 --- [http-nio-8081-exec-3] com.example.demo.DemoRestController      : Exception occured : / by zero
2023-08-12 11:56:58.856  INFO 16044 --- [http-nio-8081-exec-3] com.example.demo.DemoRestController      :  getWelcomeMsg() execution ended...
2023-08-12 11:56:59.071  INFO 16044 --- [http-nio-8081-exec-4] com.example.demo.DemoRestController      :  getWelcomeMsg() execution started...
2023-08-12 11:56:59.071 ERROR 16044 --- [http-nio-8081-exec-4] com.example.demo.DemoRestController      : Exception occured : / by zero
2023-08-12 11:56:59.072  INFO 16044 --- [http-nio-8081-exec-4] com.example.demo.DemoRestController      :  getWelcomeMsg() execution ended...
2023-08-12 11:56:59.209  INFO 16044 --- [http-nio-8081-exec-5] com.example.demo.DemoRestController      :  getWelcomeMsg() execution started...
2023-08-12 11:56:59.209 ERROR 16044 --- [http-nio-8081-exec-5] com.example.demo.DemoRestController      : Exception occured : / by zero
2023-08-12 11:56:59.209  INFO 16044 --- [http-nio-8081-exec-5] com.example.demo.DemoRestController      :  getWelcomeMsg() execution ended...
2023-08-12 11:56:59.434  INFO 16044 --- [http-nio-8081-exec-6] com.example.demo.DemoRestController      :  getWelcomeMsg() execution started...
2023-08-12 11:56:59.434 ERROR 16044 --- [http-nio-8081-exec-6] com.example.demo.DemoRestController      : Exception occured : / by zero
2023-08-12 11:56:59.434  INFO 16044 --- [http-nio-8081-exec-6] com.example.demo.DemoRestController      :  getWelcomeMsg() execution ended...
2023-08-12 11:56:59.560  INFO 16044 --- [http-nio-8081-exec-7] com.example.demo.DemoRestController      :  getWelcomeMsg() execution started...
2023-08-12 11:56:59.560 ERROR 16044 --- [http-nio-8081-exec-7] com.example.demo.DemoRestController      : Exception occured : / by zero
2023-08-12 11:56:59.561  INFO 16044 --- [http-nio-8081-exec-7] com.example.demo.DemoRestController      :  getWelcomeMsg() execution ended...
2023-08-12 11:56:59.788  INFO 16044 --- [http-nio-8081-exec-8] com.example.demo.DemoRestController      :  getWelcomeMsg() execution started...
2023-08-12 11:56:59.788 ERROR 16044 --- [http-nio-8081-exec-8] com.example.demo.DemoRestController      : Exception occured : / by zero
2023-08-12 11:56:59.788  INFO 16044 --- [http-nio-8081-exec-8] com.example.demo.DemoRestController      :  getWelcomeMsg() execution ended...
2023-08-12 11:56:59.912  INFO 16044 --- [http-nio-8081-exec-9] com.example.demo.DemoRestController      :  getWelcomeMsg() execution started...
2023-08-12 11:56:59.912 ERROR 16044 --- [http-nio-8081-exec-9] com.example.demo.DemoRestController      : Exception occured : / by zero
2023-08-12 11:56:59.913  INFO 16044 --- [http-nio-8081-exec-9] com.example.demo.DemoRestController      :  getWelcomeMsg() execution ended...
2023-08-12 11:57:00.127  INFO 16044 --- [http-nio-8081-exec-10] com.example.demo.DemoRestController      :  getWelcomeMsg() execution started...
2023-08-12 11:57:00.127 ERROR 16044 --- [http-nio-8081-exec-10] com.example.demo.DemoRestController      : Exception occured : / by zero
2023-08-12 11:57:00.127  INFO 16044 --- [http-nio-8081-exec-10] com.example.demo.DemoRestController      :  getWelcomeMsg() execution ended...
2023-08-12 11:57:00.248  INFO 16044 --- [http-nio-8081-exec-1] com.example.demo.DemoRestController      :  getWelcomeMsg() execution started...
2023-08-12 11:57:00.248 ERROR 16044 --- [http-nio-8081-exec-1] com.example.demo.DemoRestController      : Exception occured : / by zero
2023-08-12 11:57:00.249  INFO 16044 --- [http-nio-8081-exec-1] com.example.demo.DemoRestController      :  getWelcomeMsg() execution ended...
2023-08-12 11:57:00.452  INFO 16044 --- [http-nio-8081-exec-2] com.example.demo.DemoRestController      :  getWelcomeMsg() execution started...
2023-08-12 11:57:00.453 ERROR 16044 --- [http-nio-8081-exec-2] com.example.demo.DemoRestController      : Exception occured : / by zero
2023-08-12 11:57:00.453  INFO 16044 --- [http-nio-8081-exec-2] com.example.demo.DemoRestController      :  getWelcomeMsg() execution ended...
2023-08-12 11:57:00.597  INFO 16044 --- [http-nio-8081-exec-3] com.example.demo.DemoRestController      :  getWelcomeMsg() execution started...
2023-08-12 11:57:00.598 ERROR 16044 --- [http-nio-8081-exec-3] com.example.demo.DemoRestController      : Exception occured : / by zero
2023-08-12 11:57:00.598  INFO 16044 --- [http-nio-8081-exec-3] com.example.demo.DemoRestController      :  getWelcomeMsg() execution ended...
2023-08-12 11:57:00.821  INFO 16044 --- [http-nio-8081-exec-4] com.example.demo.DemoRestController      :  getWelcomeMsg() execution started...
2023-08-12 11:57:00.822 ERROR 16044 --- [http-nio-8081-exec-4] com.example.demo.DemoRestController      : Exception occured : / by zero
2023-08-12 11:57:00.822  INFO 16044 --- [http-nio-8081-exec-4] com.example.demo.DemoRestController      :  getWelcomeMsg() execution ended...
2023-08-12 11:57:00.951  INFO 16044 --- [http-nio-8081-exec-5] com.example.demo.DemoRestController      :  getWelcomeMsg() execution started...
2023-08-12 11:57:00.952 ERROR 16044 --- [http-nio-8081-exec-5] com.example.demo.DemoRestController      : Exception occured : / by zero
2023-08-12 11:57:00.952  INFO 16044 --- [http-nio-8081-exec-5] com.example.demo.DemoRestController      :  getWelcomeMsg() execution ended...
2023-08-12 11:57:01.137  INFO 16044 --- [http-nio-8081-exec-6] com.example.demo.DemoRestController      :  getWelcomeMsg() execution started...
2023-08-12 11:57:01.138 ERROR 16044 --- [http-nio-8081-exec-6] com.example.demo.DemoRestController      : Exception occured : / by zero
2023-08-12 11:57:01.139  INFO 16044 --- [http-nio-8081-exec-6] com.example.demo.DemoRestController      :  getWelcomeMsg() execution ended...
2023-08-12 11:57:01.283  INFO 16044 --- [http-nio-8081-exec-7] com.example.demo.DemoRestController      :  getWelcomeMsg() execution started...
2023-08-12 11:57:01.284 ERROR 16044 --- [http-nio-8081-exec-7] com.example.demo.DemoRestController      : Exception occured : / by zero
2023-08-12 11:57:01.285  INFO 16044 --- [http-nio-8081-exec-7] com.example.demo.DemoRestController      :  getWelcomeMsg() execution ended...
2023-08-12 11:57:01.477  INFO 16044 --- [http-nio-8081-exec-8] com.example.demo.DemoRestController      :  getWelcomeMsg() execution started...
2023-08-12 11:57:01.477 ERROR 16044 --- [http-nio-8081-exec-8] com.example.demo.DemoRestController      : Exception occured : / by zero
2023-08-12 11:57:01.477  INFO 16044 --- [http-nio-8081-exec-8] com.example.demo.DemoRestController      :  getWelcomeMsg() execution ended...
2023-08-12 11:57:01.597  INFO 16044 --- [http-nio-8081-exec-9] com.example.demo.DemoRestController      :  getWelcomeMsg() execution started...
2023-08-12 11:57:01.598 ERROR 16044 --- [http-nio-8081-exec-9] com.example.demo.DemoRestController      : Exception occured : / by zero
2023-08-12 11:57:01.598  INFO 16044 --- [http-nio-8081-exec-9] com.example.demo.DemoRestController      :  getWelcomeMsg() execution ended...
2023-08-12 11:57:01.810  INFO 16044 --- [http-nio-8081-exec-10] com.example.demo.DemoRestController      :  getWelcomeMsg() execution started...
2023-08-12 11:57:01.810 ERROR 16044 --- [http-nio-8081-exec-10] com.example.demo.DemoRestController      : Exception occured : / by zero
2023-08-12 11:57:01.810  INFO 16044 --- [http-nio-8081-exec-10] com.example.demo.DemoRestController      :  getWelcomeMsg() execution ended...
2023-08-12 11:57:01.937  INFO 16044 --- [http-nio-8081-exec-1] com.example.demo.DemoRestController      :  getWelcomeMsg() execution started...
2023-08-12 11:57:01.938 ERROR 16044 --- [http-nio-8081-exec-1] com.example.demo.DemoRestController      : Exception occured : / by zero
2023-08-12 11:57:01.938  INFO 16044 --- [http-nio-8081-exec-1] com.example.demo.DemoRestController      :  getWelcomeMsg() execution ended...
2023-08-12 11:57:02.139  INFO 16044 --- [http-nio-8081-exec-2] com.example.demo.DemoRestController      :  getWelcomeMsg() execution started...
2023-08-12 11:57:02.140 ERROR 16044 --- [http-nio-8081-exec-2] com.example.demo.DemoRestController      : Exception occured : / by zero
2023-08-12 11:57:02.140  INFO 16044 --- [http-nio-8081-exec-2] com.example.demo.DemoRestController      :  getWelcomeMsg() execution ended...
2023-08-12 11:57:02.253  INFO 16044 --- [http-nio-8081-exec-3] com.example.demo.DemoRestController      :  getWelcomeMsg() execution started...
2023-08-12 11:57:02.253 ERROR 16044 --- [http-nio-8081-exec-3] com.example.demo.DemoRestController      : Exception occured : / by zero
2023-08-12 11:57:02.254  INFO 16044 --- [http-nio-8081-exec-3] com.example.demo.DemoRestController      :  getWelcomeMsg() execution ended...
2023-08-12 11:57:02.454  INFO 16044 --- [http-nio-8081-exec-4] com.example.demo.DemoRestController      :  getWelcomeMsg() execution started...
2023-08-12 11:57:02.454 ERROR 16044 --- [http-nio-8081-exec-4] com.example.demo.DemoRestController      : Exception occured : / by zero
2023-08-12 11:57:02.455  INFO 16044 --- [http-nio-8081-exec-4] com.example.demo.DemoRestController      :  getWelcomeMsg() execution ended...
2023-08-12 11:57:02.573  INFO 16044 --- [http-nio-8081-exec-5] com.example.demo.DemoRestController      :  getWelcomeMsg() execution started...
2023-08-12 11:57:02.573 ERROR 16044 --- [http-nio-8081-exec-5] com.example.demo.DemoRestController      : Exception occured : / by zero
2023-08-12 11:57:02.573  INFO 16044 --- [http-nio-8081-exec-5] com.example.demo.DemoRestController      :  getWelcomeMsg() execution ended...
2023-08-12 11:57:02.759  INFO 16044 --- [http-nio-8081-exec-6] com.example.demo.DemoRestController      :  getWelcomeMsg() execution started...
2023-08-12 11:57:02.760 ERROR 16044 --- [http-nio-8081-exec-6] com.example.demo.DemoRestController      : Exception occured : / by zero
2023-08-12 11:57:02.760  INFO 16044 --- [http-nio-8081-exec-6] com.example.demo.DemoRestController      :  getWelcomeMsg() execution ended...
2023-08-12 11:57:02.875  INFO 16044 --- [http-nio-8081-exec-7] com.example.demo.DemoRestController      :  getWelcomeMsg() execution started...
2023-08-12 11:57:02.876 ERROR 16044 --- [http-nio-8081-exec-7] com.example.demo.DemoRestController      : Exception occured : / by zero
2023-08-12 11:57:02.876  INFO 16044 --- [http-nio-8081-exec-7] com.example.demo.DemoRestController      :  getWelcomeMsg() execution ended...
2023-08-12 11:57:03.071  INFO 16044 --- [http-nio-8081-exec-8] com.example.demo.DemoRestController      :  getWelcomeMsg() execution started...
2023-08-12 11:57:03.072 ERROR 16044 --- [http-nio-8081-exec-8] com.example.demo.DemoRestController      : Exception occured : / by zero
2023-08-12 11:57:03.072  INFO 16044 --- [http-nio-8081-exec-8] com.example.demo.DemoRestController      :  getWelcomeMsg() execution ended...
2023-08-12 11:57:03.189  INFO 16044 --- [http-nio-8081-exec-9] com.example.demo.DemoRestController      :  getWelcomeMsg() execution started...
2023-08-12 11:57:03.189 ERROR 16044 --- [http-nio-8081-exec-9] com.example.demo.DemoRestController      : Exception occured : / by zero
2023-08-12 11:57:03.189  INFO 16044 --- [http-nio-8081-exec-9] com.example.demo.DemoRestController      :  getWelcomeMsg() execution ended...
2023-08-12 11:57:03.394  INFO 16044 --- [http-nio-8081-exec-10] com.example.demo.DemoRestController      :  getWelcomeMsg() execution started...
2023-08-12 11:57:03.395 ERROR 16044 --- [http-nio-8081-exec-10] com.example.demo.DemoRestController      : Exception occured : / by zero
2023-08-12 11:57:03.395  INFO 16044 --- [http-nio-8081-exec-10] com.example.demo.DemoRestController      :  getWelcomeMsg() execution ended...
2023-08-12 11:57:03.522  INFO 16044 --- [http-nio-8081-exec-1] com.example.demo.DemoRestController      :  getWelcomeMsg() execution started...
2023-08-12 11:57:03.522 ERROR 16044 --- [http-nio-8081-exec-1] com.example.demo.DemoRestController      : Exception occured : / by zero
2023-08-12 11:57:03.522  INFO 16044 --- [http-nio-8081-exec-1] com.example.demo.DemoRestController      :  getWelcomeMsg() execution ended...
2023-08-12 11:57:03.752  INFO 16044 --- [http-nio-8081-exec-2] com.example.demo.DemoRestController      :  getWelcomeMsg() execution started...
2023-08-12 11:57:03.752 ERROR 16044 --- [http-nio-8081-exec-2] com.example.demo.DemoRestController      : Exception occured : / by zero
2023-08-12 11:57:03.752  INFO 16044 --- [http-nio-8081-exec-2] com.example.demo.DemoRestController      :  getWelcomeMsg() execution ended...
2023-08-12 11:57:03.855  INFO 16044 --- [http-nio-8081-exec-3] com.example.demo.DemoRestController      :  getWelcomeMsg() execution started...
2023-08-12 11:57:03.856 ERROR 16044 --- [http-nio-8081-exec-3] com.example.demo.DemoRestController      : Exception occured : / by zero
2023-08-12 11:57:03.856  INFO 16044 --- [http-nio-8081-exec-3] com.example.demo.DemoRestController      :  getWelcomeMsg() execution ended...
2023-08-12 11:57:04.087  INFO 16044 --- [http-nio-8081-exec-4] com.example.demo.DemoRestController      :  getWelcomeMsg() execution started...
2023-08-12 11:57:04.088 ERROR 16044 --- [http-nio-8081-exec-4] com.example.demo.DemoRestController      : Exception occured : / by zero
2023-08-12 11:57:04.088  INFO 16044 --- [http-nio-8081-exec-4] com.example.demo.DemoRestController      :  getWelcomeMsg() execution ended...
2023-08-12 11:57:04.218  INFO 16044 --- [http-nio-8081-exec-5] com.example.demo.DemoRestController      :  getWelcomeMsg() execution started...
2023-08-12 11:57:04.219 ERROR 16044 --- [http-nio-8081-exec-5] com.example.demo.DemoRestController      : Exception occured : / by zero
2023-08-12 11:57:04.220  INFO 16044 --- [http-nio-8081-exec-5] com.example.demo.DemoRestController      :  getWelcomeMsg() execution ended...
2023-08-12 11:57:04.440  INFO 16044 --- [http-nio-8081-exec-6] com.example.demo.DemoRestController      :  getWelcomeMsg() execution started...
2023-08-12 11:57:04.440 ERROR 16044 --- [http-nio-8081-exec-6] com.example.demo.DemoRestController      : Exception occured : / by zero
2023-08-12 11:57:04.440  INFO 16044 --- [http-nio-8081-exec-6] com.example.demo.DemoRestController      :  getWelcomeMsg() execution ended...
2023-08-12 11:57:04.558  INFO 16044 --- [http-nio-8081-exec-7] com.example.demo.DemoRestController      :  getWelcomeMsg() execution started...
2023-08-12 11:57:04.558 ERROR 16044 --- [http-nio-8081-exec-7] com.example.demo.DemoRestController      : Exception occured : / by zero
2023-08-12 11:57:04.558  INFO 16044 --- [http-nio-8081-exec-7] com.example.demo.DemoRestController      :  getWelcomeMsg() execution ended...
2023-08-12 11:57:04.794  INFO 16044 --- [http-nio-8081-exec-8] com.example.demo.DemoRestController      :  getWelcomeMsg() execution started...
2023-08-12 11:57:04.795 ERROR 16044 --- [http-nio-8081-exec-8] com.example.demo.DemoRestController      : Exception occured : / by zero
2023-08-12 11:57:04.795  INFO 16044 --- [http-nio-8081-exec-8] com.example.demo.DemoRestController      :  getWelcomeMsg() execution ended...
2023-08-12 11:59:00.888  INFO 16044 --- [File Watcher] rtingClassPathChangeChangedEventListener : Restarting due to 6 class path changes (0 additions, 4 deletions, 2 modifications)
2023-08-12 11:59:00.968  INFO 16044 --- [Thread-27] o.apache.catalina.core.StandardService   : Stopping service [Tomcat]
2023-08-12 11:59:00.969  INFO 16044 --- [Thread-27] o.a.c.c.C.[Tomcat].[localhost].[/]       : Destroying Spring FrameworkServlet 'dispatcherServlet'
2023-08-12 11:59:01.154  INFO 16044 --- [restartedMain] com.example.demo.Application             : Starting Application using Java 18 on DESKTOP-GPE5UL6 with PID 16044 (C:\JRTP-21_Workspace_2023\02-SB-Logging-App\target\classes started by hp in C:\JRTP-21_Workspace_2023\02-SB-Logging-App)
2023-08-12 11:59:01.155  INFO 16044 --- [restartedMain] com.example.demo.Application             : No active profile set, falling back to 1 default profile: "default"
2023-08-12 11:59:01.857  INFO 16044 --- [restartedMain] o.s.b.w.embedded.tomcat.TomcatWebServer  : Tomcat initialized with port(s): 8081 (http)
2023-08-12 11:59:01.858  INFO 16044 --- [restartedMain] o.apache.catalina.core.StandardService   : Starting service [Tomcat]
2023-08-12 11:59:01.858  INFO 16044 --- [restartedMain] org.apache.catalina.core.StandardEngine  : Starting Servlet engine: [Apache Tomcat/9.0.78]
2023-08-12 11:59:01.884  INFO 16044 --- [restartedMain] o.a.c.c.C.[Tomcat].[localhost].[/]       : Initializing Spring embedded WebApplicationContext
2023-08-12 11:59:01.884  INFO 16044 --- [restartedMain] w.s.c.ServletWebServerApplicationContext : Root WebApplicationContext: initialization completed in 718 ms
2023-08-12 11:59:02.033  INFO 16044 --- [restartedMain] o.s.b.d.a.OptionalLiveReloadServer       : LiveReload server is running on port 35729
2023-08-12 11:59:02.044  INFO 16044 --- [restartedMain] o.s.b.w.embedded.tomcat.TomcatWebServer  : Tomcat started on port(s): 8081 (http) with context path ''
2023-08-12 11:59:02.055  INFO 16044 --- [restartedMain] com.example.demo.Application             : Started Application in 0.985 seconds (JVM running for 1907.839)
2023-08-12 11:59:02.061  INFO 16044 --- [restartedMain] .ConditionEvaluationDeltaLoggingListener : Condition evaluation unchanged
2023-08-12 11:59:03.485  INFO 16044 --- [File Watcher] rtingClassPathChangeChangedEventListener : Restarting due to 4 class path changes (4 additions, 0 deletions, 0 modifications)
2023-08-12 11:59:03.513  INFO 16044 --- [Thread-31] o.apache.catalina.core.StandardService   : Stopping service [Tomcat]
2023-08-12 11:59:03.620  INFO 16044 --- [restartedMain] com.example.demo.Application             : Starting Application using Java 18 on DESKTOP-GPE5UL6 with PID 16044 (C:\JRTP-21_Workspace_2023\02-SB-Logging-App\target\classes started by hp in C:\JRTP-21_Workspace_2023\02-SB-Logging-App)
2023-08-12 11:59:03.620  INFO 16044 --- [restartedMain] com.example.demo.Application             : No active profile set, falling back to 1 default profile: "default"
2023-08-12 11:59:03.842  INFO 16044 --- [restartedMain] o.s.b.w.embedded.tomcat.TomcatWebServer  : Tomcat initialized with port(s): 8081 (http)
2023-08-12 11:59:03.843  INFO 16044 --- [restartedMain] o.apache.catalina.core.StandardService   : Starting service [Tomcat]
2023-08-12 11:59:03.843  INFO 16044 --- [restartedMain] org.apache.catalina.core.StandardEngine  : Starting Servlet engine: [Apache Tomcat/9.0.78]
2023-08-12 11:59:03.861  INFO 16044 --- [restartedMain] o.a.c.c.C.[Tomcat].[localhost].[/]       : Initializing Spring embedded WebApplicationContext
2023-08-12 11:59:03.861  INFO 16044 --- [restartedMain] w.s.c.ServletWebServerApplicationContext : Root WebApplicationContext: initialization completed in 237 ms
2023-08-12 11:59:03.941  INFO 16044 --- [restartedMain] o.s.b.d.a.OptionalLiveReloadServer       : LiveReload server is running on port 35729
2023-08-12 11:59:03.951  INFO 16044 --- [restartedMain] o.s.b.w.embedded.tomcat.TomcatWebServer  : Tomcat started on port(s): 8081 (http) with context path ''
2023-08-12 11:59:03.963  INFO 16044 --- [restartedMain] com.example.demo.Application             : Started Application in 0.381 seconds (JVM running for 1909.747)
2023-08-12 11:59:03.965  INFO 16044 --- [restartedMain] .ConditionEvaluationDeltaLoggingListener : Condition evaluation unchanged
2023-08-12 11:59:20.047  INFO 16044 --- [RMI TCP Connection(47)-127.0.0.1] inMXBeanRegistrar$SpringApplicationAdmin : Application shutdown requested.
2023-08-12 11:59:20.061  INFO 16044 --- [RMI TCP Connection(47)-127.0.0.1] o.apache.catalina.core.StandardService   : Stopping service [Tomcat]
2023-08-12 11:59:22.755  INFO 256 --- [restartedMain] com.example.demo.Application             : Starting Application using Java 18 on DESKTOP-GPE5UL6 with PID 256 (C:\JRTP-21_Workspace_2023\02-SB-Logging-App\target\classes started by hp in C:\JRTP-21_Workspace_2023\02-SB-Logging-App)
2023-08-12 11:59:22.758  INFO 256 --- [restartedMain] com.example.demo.Application             : No active profile set, falling back to 1 default profile: "default"
2023-08-12 11:59:22.879  INFO 256 --- [restartedMain] .e.DevToolsPropertyDefaultsPostProcessor : Devtools property defaults active! Set 'spring.devtools.add-properties' to 'false' to disable
2023-08-12 11:59:22.880  INFO 256 --- [restartedMain] .e.DevToolsPropertyDefaultsPostProcessor : For additional web related logging consider setting the 'logging.level.web' property to 'DEBUG'
2023-08-12 11:59:24.311  INFO 256 --- [restartedMain] o.s.b.w.embedded.tomcat.TomcatWebServer  : Tomcat initialized with port(s): 8081 (http)
2023-08-12 11:59:24.327  INFO 256 --- [restartedMain] o.apache.catalina.core.StandardService   : Starting service [Tomcat]
2023-08-12 11:59:24.328  INFO 256 --- [restartedMain] org.apache.catalina.core.StandardEngine  : Starting Servlet engine: [Apache Tomcat/9.0.78]
2023-08-12 11:59:24.425  INFO 256 --- [restartedMain] o.a.c.c.C.[Tomcat].[localhost].[/]       : Initializing Spring embedded WebApplicationContext
2023-08-12 11:59:24.426  INFO 256 --- [restartedMain] w.s.c.ServletWebServerApplicationContext : Root WebApplicationContext: initialization completed in 1545 ms
2023-08-12 11:59:24.989  INFO 256 --- [restartedMain] o.s.b.d.a.OptionalLiveReloadServer       : LiveReload server is running on port 35729
2023-08-12 11:59:25.064  INFO 256 --- [restartedMain] o.s.b.w.embedded.tomcat.TomcatWebServer  : Tomcat started on port(s): 8081 (http) with context path ''
2023-08-12 11:59:25.082  INFO 256 --- [restartedMain] com.example.demo.Application             : Started Application in 2.991 seconds (JVM running for 4.03)
2023-08-12 11:59:35.164  INFO 256 --- [http-nio-8081-exec-1] o.a.c.c.C.[Tomcat].[localhost].[/]       : Initializing Spring DispatcherServlet 'dispatcherServlet'
2023-08-12 11:59:35.168  INFO 256 --- [http-nio-8081-exec-1] o.s.web.servlet.DispatcherServlet        : Initializing Servlet 'dispatcherServlet'
2023-08-12 11:59:35.171  INFO 256 --- [http-nio-8081-exec-1] o.s.web.servlet.DispatcherServlet        : Completed initialization in 1 ms
2023-08-12 11:59:35.218  INFO 256 --- [http-nio-8081-exec-1] com.example.demo.DemoRestController      :  getWelcomeMsg() execution started...
2023-08-12 11:59:35.219 ERROR 256 --- [http-nio-8081-exec-1] com.example.demo.DemoRestController      : Exception occured : / by zero
2023-08-12 11:59:35.220  INFO 256 --- [http-nio-8081-exec-1] com.example.demo.DemoRestController      :  getWelcomeMsg() execution ended...
2023-08-12 11:59:35.391  INFO 256 --- [http-nio-8081-exec-2] com.example.demo.DemoRestController      :  getWelcomeMsg() execution started...
2023-08-12 11:59:35.391 ERROR 256 --- [http-nio-8081-exec-2] com.example.demo.DemoRestController      : Exception occured : / by zero
2023-08-12 11:59:35.392  INFO 256 --- [http-nio-8081-exec-2] com.example.demo.DemoRestController      :  getWelcomeMsg() execution ended...
2023-08-12 11:59:35.508  INFO 256 --- [http-nio-8081-exec-3] com.example.demo.DemoRestController      :  getWelcomeMsg() execution started...
2023-08-12 11:59:35.508 ERROR 256 --- [http-nio-8081-exec-3] com.example.demo.DemoRestController      : Exception occured : / by zero
2023-08-12 11:59:35.508  INFO 256 --- [http-nio-8081-exec-3] com.example.demo.DemoRestController      :  getWelcomeMsg() execution ended...
2023-08-12 11:59:35.694  INFO 256 --- [http-nio-8081-exec-4] com.example.demo.DemoRestController      :  getWelcomeMsg() execution started...
2023-08-12 11:59:35.694 ERROR 256 --- [http-nio-8081-exec-4] com.example.demo.DemoRestController      : Exception occured : / by zero
2023-08-12 11:59:35.694  INFO 256 --- [http-nio-8081-exec-4] com.example.demo.DemoRestController      :  getWelcomeMsg() execution ended...
2023-08-12 11:59:35.803  INFO 256 --- [http-nio-8081-exec-5] com.example.demo.DemoRestController      :  getWelcomeMsg() execution started...
2023-08-12 11:59:35.804 ERROR 256 --- [http-nio-8081-exec-5] com.example.demo.DemoRestController      : Exception occured : / by zero
2023-08-12 11:59:35.805  INFO 256 --- [http-nio-8081-exec-5] com.example.demo.DemoRestController      :  getWelcomeMsg() execution ended...
2023-08-12 11:59:35.976  INFO 256 --- [http-nio-8081-exec-6] com.example.demo.DemoRestController      :  getWelcomeMsg() execution started...
2023-08-12 11:59:35.977 ERROR 256 --- [http-nio-8081-exec-6] com.example.demo.DemoRestController      : Exception occured : / by zero
2023-08-12 11:59:35.978  INFO 256 --- [http-nio-8081-exec-6] com.example.demo.DemoRestController      :  getWelcomeMsg() execution ended...
2023-08-12 11:59:36.074  INFO 256 --- [http-nio-8081-exec-7] com.example.demo.DemoRestController      :  getWelcomeMsg() execution started...
2023-08-12 11:59:36.075 ERROR 256 --- [http-nio-8081-exec-7] com.example.demo.DemoRestController      : Exception occured : / by zero
2023-08-12 11:59:36.075  INFO 256 --- [http-nio-8081-exec-7] com.example.demo.DemoRestController      :  getWelcomeMsg() execution ended...
2023-08-12 11:59:36.259  INFO 256 --- [http-nio-8081-exec-8] com.example.demo.DemoRestController      :  getWelcomeMsg() execution started...
2023-08-12 11:59:36.260 ERROR 256 --- [http-nio-8081-exec-8] com.example.demo.DemoRestController      : Exception occured : / by zero
2023-08-12 11:59:36.260  INFO 256 --- [http-nio-8081-exec-8] com.example.demo.DemoRestController      :  getWelcomeMsg() execution ended...
2023-08-12 11:59:36.376  INFO 256 --- [http-nio-8081-exec-9] com.example.demo.DemoRestController      :  getWelcomeMsg() execution started...
2023-08-12 11:59:36.377 ERROR 256 --- [http-nio-8081-exec-9] com.example.demo.DemoRestController      : Exception occured : / by zero
2023-08-12 11:59:36.378  INFO 256 --- [http-nio-8081-exec-9] com.example.demo.DemoRestController      :  getWelcomeMsg() execution ended...
2023-08-12 11:59:36.602  INFO 256 --- [http-nio-8081-exec-10] com.example.demo.DemoRestController      :  getWelcomeMsg() execution started...
2023-08-12 11:59:36.603 ERROR 256 --- [http-nio-8081-exec-10] com.example.demo.DemoRestController      : Exception occured : / by zero
2023-08-12 11:59:36.603  INFO 256 --- [http-nio-8081-exec-10] com.example.demo.DemoRestController      :  getWelcomeMsg() execution ended...
2023-08-12 11:59:36.789  INFO 256 --- [http-nio-8081-exec-1] com.example.demo.DemoRestController      :  getWelcomeMsg() execution started...
2023-08-12 11:59:36.789 ERROR 256 --- [http-nio-8081-exec-1] com.example.demo.DemoRestController      : Exception occured : / by zero
2023-08-12 11:59:36.789  INFO 256 --- [http-nio-8081-exec-1] com.example.demo.DemoRestController      :  getWelcomeMsg() execution ended...
2023-08-12 12:01:57.901  INFO 256 --- [File Watcher] rtingClassPathChangeChangedEventListener : Restarting due to 1 class path change (0 additions, 0 deletions, 1 modification)
2023-08-12 12:01:57.927  INFO 256 --- [Thread-5] o.apache.catalina.core.StandardService   : Stopping service [Tomcat]
2023-08-12 12:01:57.929  INFO 256 --- [Thread-5] o.a.c.c.C.[Tomcat].[localhost].[/]       : Destroying Spring FrameworkServlet 'dispatcherServlet'
